0 info it worked if it ends with ok
1 verbose cli [ '/home/ubuntu/.nvm/versions/node/v4.4.0/bin/node',
1 verbose cli   '/home/ubuntu/.nvm/versions/node/v4.4.0/bin/npm',
1 verbose cli   'install',
1 verbose cli   'bootstrap-material-design' ]
2 info using npm@2.14.20
3 info using node@v4.4.0
4 verbose install initial load of /home/ubuntu/workspace/package.json
5 verbose readDependencies loading dependencies from /home/ubuntu/workspace/package.json
6 silly cache add args [ 'bootstrap-material-design', null ]
7 verbose cache add spec bootstrap-material-design
8 silly cache add parsed spec Result {
8 silly cache add   raw: 'bootstrap-material-design',
8 silly cache add   scope: null,
8 silly cache add   name: 'bootstrap-material-design',
8 silly cache add   rawSpec: '',
8 silly cache add   spec: 'latest',
8 silly cache add   type: 'tag' }
9 silly addNamed bootstrap-material-design@latest
10 verbose addNamed "latest" is being treated as a dist-tag for bootstrap-material-design
11 info addNameTag [ 'bootstrap-material-design', 'latest' ]
12 silly mapToRegistry name bootstrap-material-design
13 silly mapToRegistry using default registry
14 silly mapToRegistry registry https://registry.npmjs.org/
15 silly mapToRegistry uri https://registry.npmjs.org/bootstrap-material-design
16 verbose addNameTag registry:https://registry.npmjs.org/bootstrap-material-design not in flight; fetching
17 verbose request uri https://registry.npmjs.org/bootstrap-material-design
18 verbose request no auth needed
19 info attempt registry request try #1 at 2:05:20 PM
20 verbose request id 88a3e2388f8817e5
21 http request GET https://registry.npmjs.org/bootstrap-material-design
22 http 200 https://registry.npmjs.org/bootstrap-material-design
23 verbose headers { server: 'CouchDB/1.5.0 (Erlang OTP/R16B03)',
23 verbose headers   etag: '"1UGI7TPB4VIS2A5VHO4WVNO6X"',
23 verbose headers   'content-type': 'application/json',
23 verbose headers   'cache-control': 'max-age=300',
23 verbose headers   'content-length': '16078',
23 verbose headers   'accept-ranges': 'bytes',
23 verbose headers   date: 'Thu, 07 Apr 2016 14:05:20 GMT',
23 verbose headers   via: '1.1 varnish',
23 verbose headers   age: '0',
23 verbose headers   connection: 'keep-alive',
23 verbose headers   'x-served-by': 'cache-dfw1830-DFW',
23 verbose headers   'x-cache': 'MISS',
23 verbose headers   'x-cache-hits': '0',
23 verbose headers   'x-timer': 'S1460037920.431024,VS0,VE259',
23 verbose headers   vary: 'Accept-Encoding' }
24 silly get cb [ 200,
24 silly get   { server: 'CouchDB/1.5.0 (Erlang OTP/R16B03)',
24 silly get     etag: '"1UGI7TPB4VIS2A5VHO4WVNO6X"',
24 silly get     'content-type': 'application/json',
24 silly get     'cache-control': 'max-age=300',
24 silly get     'content-length': '16078',
24 silly get     'accept-ranges': 'bytes',
24 silly get     date: 'Thu, 07 Apr 2016 14:05:20 GMT',
24 silly get     via: '1.1 varnish',
24 silly get     age: '0',
24 silly get     connection: 'keep-alive',
24 silly get     'x-served-by': 'cache-dfw1830-DFW',
24 silly get     'x-cache': 'MISS',
24 silly get     'x-cache-hits': '0',
24 silly get     'x-timer': 'S1460037920.431024,VS0,VE259',
24 silly get     vary: 'Accept-Encoding' } ]
25 verbose get saving bootstrap-material-design to /home/ubuntu/.npm/registry.npmjs.org/bootstrap-material-design/.cache.json
26 verbose correctMkdir /home/ubuntu/.npm correctMkdir not in flight; initializing
27 verbose makeDirectory /home/ubuntu/.npm creation not in flight; initializing
28 silly makeDirectory /home/ubuntu/.npm uid: 1000 gid: 1000
29 silly addNameTag next cb for bootstrap-material-design with tag latest
30 silly addNamed bootstrap-material-design@4.0.1
31 verbose addNamed "4.0.1" is a plain semver version for bootstrap-material-design
32 silly mapToRegistry name bootstrap-material-design
33 silly mapToRegistry using default registry
34 silly mapToRegistry registry https://registry.npmjs.org/
35 silly mapToRegistry uri https://registry.npmjs.org/bootstrap-material-design
36 verbose addRemoteTarball https://registry.npmjs.org/bootstrap-material-design/-/bootstrap-material-design-4.0.1.tgz not in flight; adding
37 verbose addRemoteTarball [ 'https://registry.npmjs.org/bootstrap-material-design/-/bootstrap-material-design-4.0.1.tgz',
37 verbose addRemoteTarball   'f903157c54ba9c31e760be30d5d60d412102ee2f' ]
38 info retry fetch attempt 1 at 2:05:20 PM
39 info attempt registry request try #1 at 2:05:20 PM
40 http fetch GET https://registry.npmjs.org/bootstrap-material-design/-/bootstrap-material-design-4.0.1.tgz
41 http fetch 200 https://registry.npmjs.org/bootstrap-material-design/-/bootstrap-material-design-4.0.1.tgz
42 silly fetchAndShaCheck shasum f903157c54ba9c31e760be30d5d60d412102ee2f
43 verbose addTmpTarball /tmp/npm-959-8e32d1e1/registry.npmjs.org/bootstrap-material-design/-/bootstrap-material-design-4.0.1.tgz not in flight; adding
44 verbose addTmpTarball already have metadata; skipping unpack for bootstrap-material-design@4.0.1
45 verbose correctMkdir /home/ubuntu/.npm correctMkdir not in flight; initializing
46 silly cache afterAdd bootstrap-material-design@4.0.1
47 verbose afterAdd /home/ubuntu/.npm/bootstrap-material-design/4.0.1/package/package.json not in flight; writing
48 verbose correctMkdir /home/ubuntu/.npm correctMkdir not in flight; initializing
49 verbose afterAdd /home/ubuntu/.npm/bootstrap-material-design/4.0.1/package/package.json written
50 silly install resolved [ { name: 'bootstrap-material-design',
50 silly install resolved     description: 'Material Design for Bootstrap 4',
50 silly install resolved     version: '4.0.1',
50 silly install resolved     keywords:
50 silly install resolved      [ 'material',
50 silly install resolved        'design',
50 silly install resolved        'bootstrap',
50 silly install resolved        'css',
50 silly install resolved        'js',
50 silly install resolved        'sass',
50 silly install resolved        'mobile-first',
50 silly install resolved        'responsive',
50 silly install resolved        'front-end',
50 silly install resolved        'framework',
50 silly install resolved        'web' ],
50 silly install resolved     homepage: 'https://github.com/FezVrasta/bootstrap-material-design',
50 silly install resolved     author: { name: 'Federico Zivolo' },
50 silly install resolved     scripts: { test: 'grunt test' },
50 silly install resolved     style: 'dist/css/bootstrap-material-design.css',
50 silly install resolved     sass: 'scss/_core.scss',
50 silly install resolved     main: 'dist/js/bootstrap-material-design.umd.js',
50 silly install resolved     'jsnext:main': 'dist/bootstrap-material-design.es.js',
50 silly install resolved     repository:
50 silly install resolved      { type: 'git',
50 silly install resolved        url: 'git+https://github.com/FezVrasta/bootstrap-material-design.git' },
50 silly install resolved     bugs: { url: 'https://github.com/FezVrasta/bootstrap-material-design/issues' },
50 silly install resolved     license: 'MIT',
50 silly install resolved     dependencies:
50 silly install resolved      { bootstrap: 'github:twbs/bootstrap#v4-dev',
50 silly install resolved        jquery: '^2.2',
50 silly install resolved        tether: '^1.2.0' },
50 silly install resolved     devDependencies:
50 silly install resolved      { 'babel-eslint': '^5.0.0',
50 silly install resolved        'babel-polyfill': '^6.6',
50 silly install resolved        'babel-preset-es2015': '^6.6.0',
50 silly install resolved        extend: '^3.0.0',
50 silly install resolved        gulp: 'github:gulpjs/gulp#4.0',
50 silly install resolved        'gulp-pipeline': '>=4.0.3',
50 silly install resolved        moment: '^2.11.2' },
50 silly install resolved     'old-grunt-devDependencies':
50 silly install resolved      { autoprefixer: '^6.3.3',
50 silly install resolved        'babel-eslint': '^5.0.0',
50 silly install resolved        'babel-polyfill': '^6.6',
50 silly install resolved        'babel-preset-es2015-rollup': '^1.1.1',
50 silly install resolved        btoa: '~1.1.2',
50 silly install resolved        glob: '~7.0.0',
50 silly install resolved        grunt: '~0.4.5',
50 silly install resolved        'grunt-build-control': '~0.6.3',
50 silly install resolved        'grunt-contrib-clean': '~1.0.0',
50 silly install resolved        'grunt-contrib-compress': '~1.0.0',
50 silly install resolved        'grunt-contrib-connect': '~0.11.2',
50 silly install resolved        'grunt-contrib-copy': '~0.8.2',
50 silly install resolved        'grunt-contrib-cssmin': '~0.14.0',
50 silly install resolved        'grunt-contrib-qunit': '~1.0.1',
50 silly install resolved        'grunt-contrib-uglify': '~0.11.1',
50 silly install resolved        'grunt-contrib-watch': '~0.6.1',
50 silly install resolved        'grunt-eslint': '^18.0.0',
50 silly install resolved        'grunt-exec': '~0.4.6',
50 silly install resolved        'grunt-html': '~6.0.0',
50 silly install resolved        'grunt-jekyll': '~0.4.4',
50 silly install resolved        'grunt-postcss': '^0.7.2',
50 silly install resolved        'grunt-sass': '^1.1.0',
50 silly install resolved        'grunt-saucelabs': '~8.6.2',
50 silly install resolved        'grunt-scss-lint': '^0.3.8',
50 silly install resolved        'grunt-stamp': '^0.1.0',
50 silly install resolved        'is-travis': '^1.0.0',
50 silly install resolved        'load-grunt-tasks': '~3.4.1',
50 silly install resolved        'markdown-it': '^6.0.0',
50 silly install resolved        'mq4-hover-shim': '^0.3.0',
50 silly install resolved        'node-extend': '^0.2.0',
50 silly install resolved        'npm-shrinkwrap': '^200.1.0',
50 silly install resolved        rollup: '^0.25',
50 silly install resolved        'rollup-plugin-babel': '^2.4',
50 silly install resolved        'rollup-plugin-multi-entry': '^1.1',
50 silly install resolved        'time-grunt': '^1.3.0' },
50 silly install resolved     engines: { node: '>=0.10.1' },
50 silly install resolved     files:
50 silly install resolved      [ 'dist',
50 silly install resolved        'grunt/*.js',
50 silly install resolved        'grunt/*.json',
50 silly install resolved        'js/*.js',
50 silly install resolved        'scss/**/*.scss',
50 silly install resolved        'Gruntfile.js',
50 silly install resolved        'LICENSE' ],
50 silly install resolved     gitHead: '75e8c5ef7018744c66e33391ef98cde3ec4baaa5',
50 silly install resolved     _id: 'bootstrap-material-design@4.0.1',
50 silly install resolved     _shasum: 'f903157c54ba9c31e760be30d5d60d412102ee2f',
50 silly install resolved     _from: 'bootstrap-material-design@latest',
50 silly install resolved     _npmVersion: '3.8.0',
50 silly install resolved     _nodeVersion: '5.6.0',
50 silly install resolved     _npmUser: { name: 'rosskevin', email: 'kevin.ross@alienfast.com' },
50 silly install resolved     dist:
50 silly install resolved      { shasum: 'f903157c54ba9c31e760be30d5d60d412102ee2f',
50 silly install resolved        tarball: 'https://registry.npmjs.org/bootstrap-material-design/-/bootstrap-material-design-4.0.1.tgz' },
50 silly install resolved     maintainers: [ [Object], [Object] ],
50 silly install resolved     _npmOperationalInternal:
50 silly install resolved      { host: 'packages-12-west.internal.npmjs.com',
50 silly install resolved        tmp: 'tmp/bootstrap-material-design-4.0.1.tgz_1458328736011_0.05027381144464016' },
50 silly install resolved     directories: {},
50 silly install resolved     _resolved: 'https://registry.npmjs.org/bootstrap-material-design/-/bootstrap-material-design-4.0.1.tgz' } ]
51 info install bootstrap-material-design@4.0.1 into /home/ubuntu/workspace
52 info installOne bootstrap-material-design@4.0.1
53 verbose installOne of bootstrap-material-design to /home/ubuntu/workspace not in flight; installing
54 verbose correctMkdir /home/ubuntu/.npm/_locks correctMkdir not in flight; initializing
55 verbose makeDirectory /home/ubuntu/.npm/_locks creation not in flight; initializing
56 silly makeDirectory /home/ubuntu/.npm/_locks uid: 1000 gid: 1000
57 verbose lock using /home/ubuntu/.npm/_locks/bootstrap-material-desig-7055fd7bc8b37ffc.lock for /home/ubuntu/workspace/node_modules/bootstrap-material-design
58 silly install write writing bootstrap-material-design 4.0.1 to /home/ubuntu/workspace/node_modules/bootstrap-material-design
59 verbose unbuild node_modules/bootstrap-material-design
60 silly gentlyRm /home/ubuntu/workspace/node_modules/bootstrap-material-design is being purged from base /home/ubuntu/workspace
61 verbose gentlyRm don't care about contents; nuking /home/ubuntu/workspace/node_modules/bootstrap-material-design
62 verbose tar unpack /home/ubuntu/.npm/bootstrap-material-design/4.0.1/package.tgz
63 verbose tar unpacking to /home/ubuntu/workspace/node_modules/bootstrap-material-design
64 silly gentlyRm /home/ubuntu/workspace/node_modules/bootstrap-material-design is being purged
65 verbose gentlyRm don't care about contents; nuking /home/ubuntu/workspace/node_modules/bootstrap-material-design
66 silly gunzTarPerm modes [ '755', '644' ]
67 silly gunzTarPerm extractEntry package.json
68 silly gunzTarPerm extractEntry README.md
69 silly gunzTarPerm extractEntry LICENSE.md
70 silly gunzTarPerm extractEntry dist/bootstrap-material-design.es.js
71 silly gunzTarPerm extractEntry dist/bootstrap-material-design.iife.js
72 silly gunzTarPerm extractEntry dist/bootstrap-material-design.iife.min.js
73 silly gunzTarPerm extractEntry dist/bootstrap-material-design.umd.js
74 silly gunzTarPerm extractEntry dist/bootstrap-material-design.css
75 silly gunzTarPerm extractEntry dist/bootstrap-material-design.es.js.map
76 silly gunzTarPerm extractEntry dist/bootstrap-material-design.iife.js.map
77 silly gunzTarPerm extractEntry dist/bootstrap-material-design.min.css
78 silly gunzTarPerm extractEntry dist/bootstrap-material-design.umd.js.map
79 silly gunzTarPerm extractEntry scss/_navbar.scss
80 silly gunzTarPerm extractEntry scss/_alerts.scss
81 silly gunzTarPerm extractEntry scss/_cards.scss
82 silly gunzTarPerm extractEntry scss/_checkboxes.scss
83 silly gunzTarPerm extractEntry scss/_core-bootstrap.scss
84 silly gunzTarPerm extractEntry scss/_core.scss
85 silly gunzTarPerm extractEntry scss/_drawer.scss
86 silly gunzTarPerm extractEntry scss/_dropdown.scss
87 silly gunzTarPerm extractEntry scss/_forms.scss
88 silly gunzTarPerm extractEntry scss/_input-group.scss
89 silly gunzTarPerm extractEntry scss/_layout.scss
90 silly gunzTarPerm extractEntry scss/_list-group.scss
91 silly gunzTarPerm extractEntry scss/_mixins.scss
92 silly gunzTarPerm extractEntry scss/_modal.scss
93 silly gunzTarPerm extractEntry scss/_nav.scss
94 silly gunzTarPerm extractEntry scss/_buttons.scss
95 silly gunzTarPerm extractEntry scss/_plugins.scss
96 silly gunzTarPerm extractEntry scss/_popover.scss
97 silly gunzTarPerm extractEntry scss/_progress.scss
98 silly gunzTarPerm extractEntry scss/_radios.scss
99 silly gunzTarPerm extractEntry scss/_reboot.scss
100 silly gunzTarPerm extractEntry scss/_ripples.scss
101 silly gunzTarPerm extractEntry scss/_switches.scss
102 silly gunzTarPerm extractEntry scss/_themes.scss
103 silly gunzTarPerm extractEntry scss/_type.scss
104 silly gunzTarPerm extractEntry scss/_variables.scss
105 silly gunzTarPerm extractEntry scss/bootstrap-material-design.scss
106 silly gunzTarPerm extractEntry scss/mixins/_hover.scss
107 silly gunzTarPerm extractEntry scss/mixins/_animations.scss
108 silly gunzTarPerm extractEntry scss/mixins/_buttons.scss
109 silly gunzTarPerm extractEntry scss/mixins/_drawer.scss
110 silly gunzTarPerm extractEntry scss/mixins/_forms.scss
111 silly gunzTarPerm extractEntry scss/mixins/_breakpoints.scss
112 silly gunzTarPerm extractEntry scss/mixins/_layout.scss
113 silly gunzTarPerm extractEntry scss/mixins/_navs.scss
114 silly gunzTarPerm extractEntry scss/mixins/_type.scss
115 silly gunzTarPerm extractEntry scss/mixins/_utilities.scss
116 silly gunzTarPerm extractEntry scss/mixins/_variations.scss
117 silly gunzTarPerm extractEntry scss/plugins/_plugin-nouislider.scss
118 silly gunzTarPerm extractEntry scss/plugins/_plugin-selectize.scss
119 silly gunzTarPerm extractEntry scss/plugins/_plugin-snackbarjs.scss
120 silly gunzTarPerm extractEntry scss/variables/_colors-map.scss
121 silly gunzTarPerm extractEntry scss/variables/_colors.scss
122 silly gunzTarPerm extractEntry scss/variables/_drawer.scss
123 silly gunzTarPerm extractEntry scss/variables/_layout.scss
124 silly gunzTarPerm extractEntry scss/variables/_menu.scss
125 silly gunzTarPerm extractEntry scss/variables/_shadow.scss
126 silly gunzTarPerm extractEntry scss/variables/bootstrap/_forms.scss
127 silly gunzTarPerm extractEntry scss/variables/bootstrap/_body.scss
128 silly gunzTarPerm extractEntry scss/variables/bootstrap/_buttons.scss
129 silly gunzTarPerm extractEntry scss/variables/bootstrap/_card.scss
130 silly gunzTarPerm extractEntry scss/variables/bootstrap/_code.scss
131 silly gunzTarPerm extractEntry scss/variables/bootstrap/_components.scss
132 silly gunzTarPerm extractEntry scss/variables/bootstrap/_dropdown.scss
133 silly gunzTarPerm extractEntry scss/variables/bootstrap/_brand.scss
134 silly gunzTarPerm extractEntry scss/variables/bootstrap/_list-group.scss
135 silly gunzTarPerm extractEntry scss/variables/bootstrap/_modals.scss
136 silly gunzTarPerm extractEntry scss/variables/bootstrap/_nav.scss
137 silly gunzTarPerm extractEntry scss/variables/bootstrap/_spacing.scss
138 silly gunzTarPerm extractEntry scss/variables/bootstrap/_state.scss
139 silly gunzTarPerm extractEntry scss/variables/bootstrap/_type.scss
140 verbose write writing to /home/ubuntu/workspace/node_modules/bootstrap-material-design/package.json
141 info preinstall bootstrap-material-design@4.0.1
142 verbose readDependencies loading dependencies from /home/ubuntu/workspace/node_modules/bootstrap-material-design/package.json
143 silly prepareForInstallMany adding bootstrap@github:twbs/bootstrap#v4-dev from bootstrap-material-design dependencies
144 silly prepareForInstallMany adding jquery@^2.2 from bootstrap-material-design dependencies
145 silly prepareForInstallMany adding tether@^1.2.0 from bootstrap-material-design dependencies
146 verbose readDependencies loading dependencies from /home/ubuntu/workspace/node_modules/bootstrap-material-design/package.json
147 silly cache add args [ 'bootstrap@github:twbs/bootstrap#v4-dev', null ]
148 verbose cache add spec bootstrap@github:twbs/bootstrap#v4-dev
149 silly cache add args [ 'jquery@^2.2', null ]
150 verbose cache add spec jquery@^2.2
151 silly cache add parsed spec Result {
151 silly cache add   raw: 'jquery@^2.2',
151 silly cache add   scope: null,
151 silly cache add   name: 'jquery',
151 silly cache add   rawSpec: '^2.2',
151 silly cache add   spec: '>=2.2.0 <3.0.0',
151 silly cache add   type: 'range' }
152 silly addNamed jquery@>=2.2.0 <3.0.0
153 verbose addNamed ">=2.2.0 <3.0.0" is a valid semver range for jquery
154 silly addNameRange { name: 'jquery', range: '>=2.2.0 <3.0.0', hasData: false }
155 silly mapToRegistry name jquery
156 silly mapToRegistry using default registry
157 silly mapToRegistry registry https://registry.npmjs.org/
158 silly mapToRegistry uri https://registry.npmjs.org/jquery
159 verbose addNameRange registry:https://registry.npmjs.org/jquery not in flight; fetching
160 silly cache add args [ 'tether@^1.2.0', null ]
161 verbose cache add spec tether@^1.2.0
162 silly cache add parsed spec Result {
162 silly cache add   raw: 'tether@^1.2.0',
162 silly cache add   scope: null,
162 silly cache add   name: 'tether',
162 silly cache add   rawSpec: '^1.2.0',
162 silly cache add   spec: '>=1.2.0 <2.0.0',
162 silly cache add   type: 'range' }
163 silly addNamed tether@>=1.2.0 <2.0.0
164 verbose addNamed ">=1.2.0 <2.0.0" is a valid semver range for tether
165 silly addNameRange { name: 'tether', range: '>=1.2.0 <2.0.0', hasData: false }
166 silly mapToRegistry name tether
167 silly mapToRegistry using default registry
168 silly mapToRegistry registry https://registry.npmjs.org/
169 silly mapToRegistry uri https://registry.npmjs.org/tether
170 verbose addNameRange registry:https://registry.npmjs.org/tether not in flight; fetching
171 silly cache add parsed spec Result {
171 silly cache add   raw: 'bootstrap@github:twbs/bootstrap#v4-dev',
171 silly cache add   scope: null,
171 silly cache add   name: 'bootstrap',
171 silly cache add   rawSpec: 'github:twbs/bootstrap#v4-dev',
171 silly cache add   spec: 'github:twbs/bootstrap#v4-dev',
171 silly cache add   type: 'hosted',
171 silly cache add   hosted:
171 silly cache add    { type: 'github',
171 silly cache add      ssh: 'git@github.com:twbs/bootstrap.git#v4-dev',
171 silly cache add      sshUrl: 'git+ssh://git@github.com/twbs/bootstrap.git#v4-dev',
171 silly cache add      httpsUrl: 'git+https://github.com/twbs/bootstrap.git#v4-dev',
171 silly cache add      gitUrl: 'git://github.com/twbs/bootstrap.git#v4-dev',
171 silly cache add      shortcut: 'github:twbs/bootstrap#v4-dev',
171 silly cache add      directUrl: 'https://raw.githubusercontent.com/twbs/bootstrap/v4-dev/package.json' } }
172 verbose addRemoteGit caching github:twbs/bootstrap#v4-dev
173 verbose addRemoteGit twbs/bootstrap#v4-dev is a repository hosted by github
174 silly tryGitProto attempting to clone git://github.com/twbs/bootstrap.git#v4-dev
175 silly tryClone cloning twbs/bootstrap#v4-dev via git://github.com/twbs/bootstrap.git#v4-dev
176 verbose tryClone git-github-com-twbs-bootstrap-git-cd705089 not in flight; caching
177 verbose correctMkdir /home/ubuntu/.npm/_git-remotes correctMkdir not in flight; initializing
178 verbose request uri https://registry.npmjs.org/jquery
179 verbose request no auth needed
180 info attempt registry request try #1 at 2:05:21 PM
181 http request GET https://registry.npmjs.org/jquery
182 verbose request uri https://registry.npmjs.org/tether
183 verbose request no auth needed
184 info attempt registry request try #1 at 2:05:21 PM
185 http request GET https://registry.npmjs.org/tether
186 verbose makeDirectory /home/ubuntu/.npm/_git-remotes creation not in flight; initializing
187 silly makeDirectory /home/ubuntu/.npm/_git-remotes uid: 1000 gid: 1000
188 info git [ 'clone',
188 info git   '--template=/home/ubuntu/.npm/_git-remotes/_templates',
188 info git   '--mirror',
188 info git   'git://github.com/twbs/bootstrap.git',
188 info git   '/home/ubuntu/.npm/_git-remotes/git-github-com-twbs-bootstrap-git-cd705089' ]
189 http 200 https://registry.npmjs.org/jquery
190 verbose headers { server: 'CouchDB/1.5.0 (Erlang OTP/R16B03)',
190 verbose headers   etag: '"6NIDEEJE18YBPP8N69F82DW1K"',
190 verbose headers   'content-type': 'application/json',
190 verbose headers   'cache-control': 'max-age=300',
190 verbose headers   'content-length': '68178',
190 verbose headers   'accept-ranges': 'bytes',
190 verbose headers   date: 'Thu, 07 Apr 2016 14:05:21 GMT',
190 verbose headers   via: '1.1 varnish',
190 verbose headers   age: '4',
190 verbose headers   connection: 'keep-alive',
190 verbose headers   'x-served-by': 'cache-dfw1832-DFW',
190 verbose headers   'x-cache': 'HIT',
190 verbose headers   'x-cache-hits': '1',
190 verbose headers   'x-timer': 'S1460037921.348244,VS0,VE0',
190 verbose headers   vary: 'Accept-Encoding' }
191 silly get cb [ 200,
191 silly get   { server: 'CouchDB/1.5.0 (Erlang OTP/R16B03)',
191 silly get     etag: '"6NIDEEJE18YBPP8N69F82DW1K"',
191 silly get     'content-type': 'application/json',
191 silly get     'cache-control': 'max-age=300',
191 silly get     'content-length': '68178',
191 silly get     'accept-ranges': 'bytes',
191 silly get     date: 'Thu, 07 Apr 2016 14:05:21 GMT',
191 silly get     via: '1.1 varnish',
191 silly get     age: '4',
191 silly get     connection: 'keep-alive',
191 silly get     'x-served-by': 'cache-dfw1832-DFW',
191 silly get     'x-cache': 'HIT',
191 silly get     'x-cache-hits': '1',
191 silly get     'x-timer': 'S1460037921.348244,VS0,VE0',
191 silly get     vary: 'Accept-Encoding' } ]
192 verbose get saving jquery to /home/ubuntu/.npm/registry.npmjs.org/jquery/.cache.json
193 verbose correctMkdir /home/ubuntu/.npm correctMkdir not in flight; initializing
194 silly addNameRange number 2 { name: 'jquery', range: '>=2.2.0 <3.0.0', hasData: true }
195 silly addNameRange versions [ 'jquery',
195 silly addNameRange   [ '1.5.1',
195 silly addNameRange     '1.6.2',
195 silly addNameRange     '1.6.3',
195 silly addNameRange     '1.7.2',
195 silly addNameRange     '1.7.3',
195 silly addNameRange     '1.8.2',
195 silly addNameRange     '1.8.3',
195 silly addNameRange     '2.1.0-beta2',
195 silly addNameRange     '2.1.0-beta3',
195 silly addNameRange     '1.11.0-beta3',
195 silly addNameRange     '1.11.0-rc1',
195 silly addNameRange     '2.1.0-rc1',
195 silly addNameRange     '1.11.0',
195 silly addNameRange     '2.1.0',
195 silly addNameRange     '2.1.1-beta1',
195 silly addNameRange     '1.11.1-beta1',
195 silly addNameRange     '2.1.1-rc1',
195 silly addNameRange     '1.11.1-rc1',
195 silly addNameRange     '2.1.1-rc2',
195 silly addNameRange     '1.11.1-rc2',
195 silly addNameRange     '2.1.1',
195 silly addNameRange     '1.11.1',
195 silly addNameRange     '1.9.1',
195 silly addNameRange     '2.1.2',
195 silly addNameRange     '1.11.2',
195 silly addNameRange     '2.1.3',
195 silly addNameRange     '2.1.4',
195 silly addNameRange     '1.11.3',
195 silly addNameRange     '3.0.0-alpha1',
195 silly addNameRange     '1.12.0',
195 silly addNameRange     '2.2.0',
195 silly addNameRange     '3.0.0-beta1',
195 silly addNameRange     '1.12.1',
195 silly addNameRange     '2.2.1',
195 silly addNameRange     '1.12.2',
195 silly addNameRange     '2.2.2',
195 silly addNameRange     '1.12.3',
195 silly addNameRange     '2.2.3' ] ]
196 silly addNamed jquery@2.2.3
197 verbose addNamed "2.2.3" is a plain semver version for jquery
198 silly mapToRegistry name jquery
199 silly mapToRegistry using default registry
200 silly mapToRegistry registry https://registry.npmjs.org/
201 silly mapToRegistry uri https://registry.npmjs.org/jquery
202 verbose addRemoteTarball https://registry.npmjs.org/jquery/-/jquery-2.2.3.tgz not in flight; adding
203 verbose addRemoteTarball [ 'https://registry.npmjs.org/jquery/-/jquery-2.2.3.tgz',
203 verbose addRemoteTarball   '45e07e4190334de36c9e1a64b43b1f1373d91758' ]
204 info retry fetch attempt 1 at 2:05:21 PM
205 info attempt registry request try #1 at 2:05:21 PM
206 http fetch GET https://registry.npmjs.org/jquery/-/jquery-2.2.3.tgz
207 http 200 https://registry.npmjs.org/tether
208 verbose headers { server: 'CouchDB/1.5.0 (Erlang OTP/R16B03)',
208 verbose headers   etag: '"1X1JPCH5AG2AXIOOKA4AH7LAE"',
208 verbose headers   'content-type': 'application/json',
208 verbose headers   'cache-control': 'max-age=300',
208 verbose headers   'content-length': '19389',
208 verbose headers   'accept-ranges': 'bytes',
208 verbose headers   date: 'Thu, 07 Apr 2016 14:05:21 GMT',
208 verbose headers   via: '1.1 varnish',
208 verbose headers   age: '0',
208 verbose headers   connection: 'keep-alive',
208 verbose headers   'x-served-by': 'cache-dfw1842-DFW',
208 verbose headers   'x-cache': 'HIT',
208 verbose headers   'x-cache-hits': '1',
208 verbose headers   'x-timer': 'S1460037921.350953,VS0,VE46',
208 verbose headers   vary: 'Accept-Encoding' }
209 silly get cb [ 200,
209 silly get   { server: 'CouchDB/1.5.0 (Erlang OTP/R16B03)',
209 silly get     etag: '"1X1JPCH5AG2AXIOOKA4AH7LAE"',
209 silly get     'content-type': 'application/json',
209 silly get     'cache-control': 'max-age=300',
209 silly get     'content-length': '19389',
209 silly get     'accept-ranges': 'bytes',
209 silly get     date: 'Thu, 07 Apr 2016 14:05:21 GMT',
209 silly get     via: '1.1 varnish',
209 silly get     age: '0',
209 silly get     connection: 'keep-alive',
209 silly get     'x-served-by': 'cache-dfw1842-DFW',
209 silly get     'x-cache': 'HIT',
209 silly get     'x-cache-hits': '1',
209 silly get     'x-timer': 'S1460037921.350953,VS0,VE46',
209 silly get     vary: 'Accept-Encoding' } ]
210 verbose get saving tether to /home/ubuntu/.npm/registry.npmjs.org/tether/.cache.json
211 verbose correctMkdir /home/ubuntu/.npm correctMkdir not in flight; initializing
212 silly addNameRange number 2 { name: 'tether', range: '>=1.2.0 <2.0.0', hasData: true }
213 silly addNameRange versions [ 'tether',
213 silly addNameRange   [ '0.5.2',
213 silly addNameRange     '0.6.5',
213 silly addNameRange     '0.7.1',
213 silly addNameRange     '0.7.2',
213 silly addNameRange     '1.0.0',
213 silly addNameRange     '1.0.1',
213 silly addNameRange     '1.0.2',
213 silly addNameRange     '1.0.3',
213 silly addNameRange     '1.1.0',
213 silly addNameRange     '1.1.1',
213 silly addNameRange     '1.2.0' ] ]
214 silly addNamed tether@1.2.0
215 verbose addNamed "1.2.0" is a plain semver version for tether
216 silly mapToRegistry name tether
217 silly mapToRegistry using default registry
218 silly mapToRegistry registry https://registry.npmjs.org/
219 silly mapToRegistry uri https://registry.npmjs.org/tether
220 verbose addRemoteTarball https://registry.npmjs.org/tether/-/tether-1.2.0.tgz not in flight; adding
221 verbose addRemoteTarball [ 'https://registry.npmjs.org/tether/-/tether-1.2.0.tgz',
221 verbose addRemoteTarball   'f49d20d08451949f6c0d25b824d185542a0ce27a' ]
222 info retry fetch attempt 1 at 2:05:21 PM
223 info attempt registry request try #1 at 2:05:21 PM
224 http fetch GET https://registry.npmjs.org/tether/-/tether-1.2.0.tgz
225 http fetch 200 https://registry.npmjs.org/jquery/-/jquery-2.2.3.tgz
226 http fetch 200 https://registry.npmjs.org/tether/-/tether-1.2.0.tgz
227 silly fetchAndShaCheck shasum 45e07e4190334de36c9e1a64b43b1f1373d91758
228 verbose addTmpTarball /tmp/npm-959-8e32d1e1/registry.npmjs.org/jquery/-/jquery-2.2.3.tgz not in flight; adding
229 verbose addTmpTarball already have metadata; skipping unpack for jquery@2.2.3
230 verbose correctMkdir /home/ubuntu/.npm correctMkdir not in flight; initializing
231 silly cache afterAdd jquery@2.2.3
232 verbose afterAdd /home/ubuntu/.npm/jquery/2.2.3/package/package.json not in flight; writing
233 verbose correctMkdir /home/ubuntu/.npm correctMkdir not in flight; initializing
234 verbose afterAdd /home/ubuntu/.npm/jquery/2.2.3/package/package.json written
235 silly fetchAndShaCheck shasum f49d20d08451949f6c0d25b824d185542a0ce27a
236 verbose addTmpTarball /tmp/npm-959-8e32d1e1/registry.npmjs.org/tether/-/tether-1.2.0.tgz not in flight; adding
237 verbose addTmpTarball already have metadata; skipping unpack for tether@1.2.0
238 verbose correctMkdir /home/ubuntu/.npm correctMkdir not in flight; initializing
239 silly cache afterAdd tether@1.2.0
240 verbose afterAdd /home/ubuntu/.npm/tether/1.2.0/package/package.json not in flight; writing
241 verbose correctMkdir /home/ubuntu/.npm correctMkdir not in flight; initializing
242 verbose afterAdd /home/ubuntu/.npm/tether/1.2.0/package/package.json written
243 verbose git clone --template=/home/ubuntu/.npm/_git-remotes/_templates --mirror git://github.com/twbs/bootstrap.git /home/ubuntu/.npm/_git-remotes/git-github-com-twbs-bootstrap-git-cd705089: Cloning into bare repository '/home/ubuntu/.npm/_git-remotes/git-github-com-twbs-bootstrap-git-cd705089'...
243 verbose git clone --template=/home/ubuntu/.npm/_git-remotes/_templates --mirror git://github.com/twbs/bootstrap.git /home/ubuntu/.npm/_git-remotes/git-github-com-twbs-bootstrap-git-cd705089: fatal: write error: No space left on device
243 verbose git clone --template=/home/ubuntu/.npm/_git-remotes/_templates --mirror git://github.com/twbs/bootstrap.git /home/ubuntu/.npm/_git-remotes/git-github-com-twbs-bootstrap-git-cd705089: fatal: index-pack failed
244 silly tryHTTPS attempting to clone git+https://github.com/twbs/bootstrap.git#v4-dev
245 silly tryClone cloning twbs/bootstrap#v4-dev via git+https://github.com/twbs/bootstrap.git#v4-dev
246 verbose tryClone https-github-com-twbs-bootstrap-git-fc21b924 not in flight; caching
247 verbose correctMkdir /home/ubuntu/.npm/_git-remotes correctMkdir not in flight; initializing
248 info git [ 'clone',
248 info git   '--template=/home/ubuntu/.npm/_git-remotes/_templates',
248 info git   '--mirror',
248 info git   'https://github.com/twbs/bootstrap.git',
248 info git   '/home/ubuntu/.npm/_git-remotes/https-github-com-twbs-bootstrap-git-fc21b924' ]
249 verbose git clone --template=/home/ubuntu/.npm/_git-remotes/_templates --mirror https://github.com/twbs/bootstrap.git /home/ubuntu/.npm/_git-remotes/https-github-com-twbs-bootstrap-git-fc21b924: Cloning into bare repository '/home/ubuntu/.npm/_git-remotes/https-github-com-twbs-bootstrap-git-fc21b924'...
249 verbose git clone --template=/home/ubuntu/.npm/_git-remotes/_templates --mirror https://github.com/twbs/bootstrap.git /home/ubuntu/.npm/_git-remotes/https-github-com-twbs-bootstrap-git-fc21b924: fatal: write error: No space left on device
249 verbose git clone --template=/home/ubuntu/.npm/_git-remotes/_templates --mirror https://github.com/twbs/bootstrap.git /home/ubuntu/.npm/_git-remotes/https-github-com-twbs-bootstrap-git-fc21b924: fatal: index-pack failed
250 silly trySSH attempting to clone git@github.com:twbs/bootstrap.git#v4-dev
251 silly tryClone cloning twbs/bootstrap#v4-dev via git@github.com:twbs/bootstrap.git#v4-dev
252 verbose tryClone git-github-com-twbs-bootstrap-git-6df88537 not in flight; caching
253 verbose correctMkdir /home/ubuntu/.npm/_git-remotes correctMkdir not in flight; initializing
254 info git [ 'clone',
254 info git   '--template=/home/ubuntu/.npm/_git-remotes/_templates',
254 info git   '--mirror',
254 info git   'git@github.com:twbs/bootstrap.git',
254 info git   '/home/ubuntu/.npm/_git-remotes/git-github-com-twbs-bootstrap-git-6df88537' ]
255 error git clone --template=/home/ubuntu/.npm/_git-remotes/_templates --mirror git@github.com:twbs/bootstrap.git /home/ubuntu/.npm/_git-remotes/git-github-com-twbs-bootstrap-git-6df88537: Cloning into bare repository '/home/ubuntu/.npm/_git-remotes/git-github-com-twbs-bootstrap-git-6df88537'...
255 error git clone --template=/home/ubuntu/.npm/_git-remotes/_templates --mirror git@github.com:twbs/bootstrap.git /home/ubuntu/.npm/_git-remotes/git-github-com-twbs-bootstrap-git-6df88537: Warning: Permanently added 'github.com,192.30.252.129' (RSA) to the list of known hosts.
255 error git clone --template=/home/ubuntu/.npm/_git-remotes/_templates --mirror git@github.com:twbs/bootstrap.git /home/ubuntu/.npm/_git-remotes/git-github-com-twbs-bootstrap-git-6df88537: fatal: write error: No space left on device
255 error git clone --template=/home/ubuntu/.npm/_git-remotes/_templates --mirror git@github.com:twbs/bootstrap.git /home/ubuntu/.npm/_git-remotes/git-github-com-twbs-bootstrap-git-6df88537: fatal: index-pack failed
256 verbose about to build /home/ubuntu/workspace/node_modules/bootstrap-material-design
257 verbose unlock done using /home/ubuntu/.npm/_locks/bootstrap-material-desig-7055fd7bc8b37ffc.lock for /home/ubuntu/workspace/node_modules/bootstrap-material-design
258 verbose stack Error: Command failed: git clone --template=/home/ubuntu/.npm/_git-remotes/_templates --mirror git@github.com:twbs/bootstrap.git /home/ubuntu/.npm/_git-remotes/git-github-com-twbs-bootstrap-git-6df88537
258 verbose stack Cloning into bare repository '/home/ubuntu/.npm/_git-remotes/git-github-com-twbs-bootstrap-git-6df88537'...
258 verbose stack Warning: Permanently added 'github.com,192.30.252.129' (RSA) to the list of known hosts.
258 verbose stack fatal: write error: No space left on device
258 verbose stack fatal: index-pack failed
258 verbose stack
258 verbose stack     at ChildProcess.exithandler (child_process.js:213:12)
258 verbose stack     at emitTwo (events.js:87:13)
258 verbose stack     at ChildProcess.emit (events.js:172:7)
258 verbose stack     at maybeClose (internal/child_process.js:827:16)
258 verbose stack     at Socket.<anonymous> (internal/child_process.js:319:11)
258 verbose stack     at emitOne (events.js:77:13)
258 verbose stack     at Socket.emit (events.js:169:7)
258 verbose stack     at Pipe._onclose (net.js:475:12)
259 verbose cwd /home/ubuntu/workspace
260 error Linux 4.2.0-c9
261 error argv "/home/ubuntu/.nvm/versions/node/v4.4.0/bin/node" "/home/ubuntu/.nvm/versions/node/v4.4.0/bin/npm" "install" "bootstrap-material-design"
262 error node v4.4.0
263 error npm  v2.14.20
264 error code 128
265 error Command failed: git clone --template=/home/ubuntu/.npm/_git-remotes/_templates --mirror git@github.com:twbs/bootstrap.git /home/ubuntu/.npm/_git-remotes/git-github-com-twbs-bootstrap-git-6df88537
265 error Cloning into bare repository '/home/ubuntu/.npm/_git-remotes/git-github-com-twbs-bootstrap-git-6df88537'...
265 error Warning: Permanently added 'github.com,192.30.252.129' (RSA) to the list of known hosts.
265 error fatal: write error: No space left on device
265 error fatal: index-pack failed
266 error If you need help, you may report this error at:
266 error     <https://github.com/npm/npm/issues>
267 verbose exit [ 1, true ]
268 verbose unbuild node_modules/bootstrap-material-design
269 info preuninstall bootstrap-material-design@4.0.1
270 info uninstall bootstrap-material-design@4.0.1
271 verbose unbuild rmStuff bootstrap-material-design@4.0.1 from /home/ubuntu/workspace/node_modules
272 info postuninstall bootstrap-material-design@4.0.1
273 silly gentlyRm /home/ubuntu/workspace/node_modules/bootstrap-material-design is being purged from base /home/ubuntu/workspace
274 verbose gentlyRm don't care about contents; nuking /home/ubuntu/workspace/node_modules/bootstrap-material-design
275 silly vacuum-fs purging /home/ubuntu/workspace/node_modules/bootstrap-material-design
276 silly vacuum-fs removing /home/ubuntu/workspace/node_modules
277 silly vacuum-fs finished vacuuming up to /home/ubuntu/workspace
